<?xml version="1.0" encoding="UTF-8"?>
<!-- Generated by org.testng.reporters.JUnitXMLReporter -->
<testsuite hostname="Rekha-Manwi610" ignored="0" name="Banking app" tests="1" failures="1" timestamp="2020-06-03T10:09:17 CDT" time="9.055" errors="0">
  <testcase name="login" time="4.385" classname="com.inetBanking.testCases.TC_Login01">
    <failure type="java.lang.AssertionError" message="expected [true] but found [false]">
      <![CDATA[java.lang.AssertionError: expected [true] but found [false]
at com.inetBanking.testCases.TC_Login01.login(TC_Login01.java:31)
at java.util.ArrayList.forEach(Unknown Source)
... Removed 31 stack frames]]>
    </failure>
  </testcase> <!-- login -->
</testsuite> <!-- Banking app -->
